#
# A fatal error has been detected by the Java Runtime Environment:
#
#  SIGSEGV (0xb) at pc=0x000000010d5ba86e, pid=85803, tid=45059
#
# JRE version: OpenJDK Runtime Environment AdoptOpenJDK-11.0.11+9 (11.0.11+9) (build 11.0.11+9)
# Java VM: OpenJDK 64-Bit Server VM AdoptOpenJDK-11.0.11+9 (11.0.11+9, mixed mode, tiered, compressed oops, g1 gc, bsd-amd64)
# Problematic frame:
# C  [libjimage.dylib+0x186e]  _ZN12ImageStrings4findEP6EndianPKcPij+0x52
#
# No core dump will be written. Core dumps have been disabled. To enable core dumping, try "ulimit -c unlimited" before starting Java again
#
# If you would like to submit a bug report, please visit:
#   https://github.com/AdoptOpenJDK/openjdk-support/issues
#

---------------  S U M M A R Y ------------

Command Line: -XX:MaxMetaspaceSize=256m -XX:+HeapDumpOnOutOfMemoryError -agentlib:jdwp=transport=dt_socket,server=n,suspend=y,address=127.0.0.1:49583 --add-opens=java.base/java.util=ALL-UNNAMED --add-opens=java.base/java.lang=ALL-UNNAMED --add-opens=java.base/java.lang.invoke=ALL-UNNAMED --add-opens=java.base/java.util=ALL-UNNAMED --add-opens=java.prefs/java.util.prefs=ALL-UNNAMED --add-opens=java.prefs/java.util.prefs=ALL-UNNAMED --add-opens=java.base/java.nio.charset=ALL-UNNAMED --add-opens=java.base/java.net=ALL-UNNAMED --add-opens=java.base/java.util.concurrent.atomic=ALL-UNNAMED -Xms256m -Xmx512m -Dfile.encoding=UTF-8 -Duser.country=KR -Duser.language=ko -Duser.variant org.gradle.launcher.daemon.bootstrap.GradleDaemon 7.1

Host: MacBookPro17,1 x86_64 2400 MHz, 8 cores, 16G, Darwin 21.6.0
Time: Wed Dec 13 09:57:35 2023 KST elapsed time: 7.405952 seconds (0d 0h 0m 7s)

---------------  T H R E A D  ---------------

Current thread (0x00007fd947200800):  JavaThread "Daemon worker" [_thread_in_vm, id=45059, stack(0x000000030ff4e000,0x000000031004e000)]

Stack: [0x000000030ff4e000,0x000000031004e000],  sp=0x00000003100455d0,  free space=989k
Native frames: (J=compiled Java code, A=aot compiled Java code, j=interpreted, Vv=VM code, C=native code)
C  [libjimage.dylib+0x186e]  _ZN12ImageStrings4findEP6EndianPKcPij+0x52
C  [libjimage.dylib+0x24c8]  _ZNK15ImageFileReader19find_location_indexEPKcPy+0x3e
C  [libjimage.dylib+0x2808]  JIMAGE_FindResource+0xcf
V  [libjvm.dylib+0x1fc16f]  _ZN19ClassPathImageEntry11open_streamEPKcP6Thread+0x45
V  [libjvm.dylib+0x1fe6e2]  _ZN11ClassLoader10load_classEP6SymbolbP6Thread+0x144
